2026-06-15 18:29:18 | INFO     | ╔══════════════════════════════════════════════════╗
2026-06-15 18:29:18 | INFO     | ║  LOAN APPROVAL PREDICTION — ML PIPELINE         ║
2026-06-15 18:29:18 | INFO     | ╚══════════════════════════════════════════════════╝
2026-06-15 18:29:18 | INFO     | 
2026-06-15 18:29:18 | INFO     | Loading dataset from C:\Users\Smit\Desktop\Loan Prediction\data\loan_data.csv
2026-06-15 18:29:18 | INFO     |   Shape: 8000 rows × 13 columns
2026-06-15 18:29:18 | INFO     |   Missing values: 2162 (2.1%)
2026-06-15 18:29:18 | INFO     |   Target 'Y': 81.4%
2026-06-15 18:29:18 | INFO     |   Target 'N': 18.6%
2026-06-15 18:29:18 | INFO     |   Columns with missing values:
2026-06-15 18:29:18 | INFO     |     Credit_History: 638 (8.0%)
2026-06-15 18:29:18 | INFO     |     Self_Employed: 390 (4.9%)
2026-06-15 18:29:18 | INFO     |     Dependents: 336 (4.2%)
2026-06-15 18:29:18 | INFO     |     LoanAmount: 312 (3.9%)
2026-06-15 18:29:18 | INFO     |     Gender: 248 (3.1%)
2026-06-15 18:29:18 | INFO     |     Loan_Amount_Term: 153 (1.9%)
2026-06-15 18:29:18 | INFO     |     Married: 85 (1.1%)
2026-06-15 18:29:19 | INFO     | ==================================================
2026-06-15 18:29:19 | INFO     | PREPROCESSING
2026-06-15 18:29:19 | INFO     | ==================================================
2026-06-15 18:29:19 | INFO     |   Dropped 'Loan_ID' column
2026-06-15 18:29:19 | INFO     | Step 1: Handling missing values
2026-06-15 18:29:19 | INFO     |   Imputed Gender: 248 missing -> 'Male' (mode)
2026-06-15 18:29:19 | INFO     |   Imputed Married: 85 missing -> 'Yes' (mode)
2026-06-15 18:29:19 | INFO     |   Imputed Dependents: 336 missing -> '0' (mode)
2026-06-15 18:29:19 | INFO     |   Imputed Self_Employed: 390 missing -> 'No' (mode)
2026-06-15 18:29:19 | INFO     |   Imputed LoanAmount: 312 missing -> 131.0 (median)
2026-06-15 18:29:19 | INFO     |   Imputed Loan_Amount_Term: 153 missing -> 360.0 (median)
2026-06-15 18:29:19 | INFO     |   Imputed Credit_History: 638 missing -> 1.0 (median)
2026-06-15 18:29:19 | INFO     |   Missing values: 2162 -> 0
2026-06-15 18:29:19 | INFO     | Step 2: Feature engineering
2026-06-15 18:29:19 | INFO     | ==================================================
2026-06-15 18:29:19 | INFO     | FEATURE ENGINEERING
2026-06-15 18:29:19 | INFO     | ==================================================
2026-06-15 18:29:19 | INFO     |   TotalIncome: mean=6082, median=4932
2026-06-15 18:29:19 | INFO     |   IncomeToLoan: mean=52.3, median=36.4
2026-06-15 18:29:19 | INFO     |   EMI: mean=0.80, median=0.43
2026-06-15 18:29:19 | INFO     |   LogLoanAmount: skew reduced
2026-06-15 18:29:19 | INFO     |   LogTotalIncome: skew reduced
2026-06-15 18:29:19 | INFO     |   → Added 5 engineered features. New shape: (8000, 17)
2026-06-15 18:29:19 | INFO     | Step 3: Encoding target variable
2026-06-15 18:29:19 | INFO     |   Encoded target: Y→1, N→0
2026-06-15 18:29:19 | INFO     | Step 4: Encoding categorical features
2026-06-15 18:29:19 | INFO     |   Encoded Gender: ['Female', 'Male'] → [0, 1]
2026-06-15 18:29:19 | INFO     |   Encoded Married: ['No', 'Yes'] → [0, 1]
2026-06-15 18:29:19 | INFO     |   Encoded Dependents: ['0', '1', '2', '3+'] → [0, 1, 2, 3]
2026-06-15 18:29:19 | INFO     |   Encoded Education: ['Graduate', 'Not Graduate'] → [0, 1]
2026-06-15 18:29:19 | INFO     |   Encoded Self_Employed: ['No', 'Yes'] → [0, 1]
2026-06-15 18:29:19 | INFO     |   Encoded Property_Area: ['Rural', 'Semiurban', 'Urban'] → [0, 1, 2]
2026-06-15 18:29:19 | INFO     | Step 5: Train/test split
2026-06-15 18:29:19 | INFO     |   Train: 6400 samples | Test: 1600 samples
2026-06-15 18:29:19 | INFO     |   Train approval rate: 81.4% | Test: 81.4%
2026-06-15 18:29:19 | INFO     | Step 6: Scaling numerical features
2026-06-15 18:29:19 | INFO     |   Final features (16): ['Gender', 'Married', 'Dependents', 'Education', 'Self_Employed', 'ApplicantIncome', 'CoapplicantIncome', 'LoanAmount', 'Loan_Amount_Term', 'Credit_History', 'Property_Area', 'TotalIncome', 'IncomeToLoan', 'EMI', 'LogLoanAmount', 'LogTotalIncome']
2026-06-15 18:29:19 | INFO     | Step 7: Saving preprocessing artifacts
2026-06-15 18:29:19 | INFO     |   Saved preprocessor to C:\Users\Smit\Desktop\Loan Prediction\models\preprocessor.joblib
2026-06-15 18:29:19 | INFO     | ==================================================
2026-06-15 18:29:19 | INFO     | MODEL TRAINING
2026-06-15 18:29:19 | INFO     | ==================================================
2026-06-15 18:29:19 | INFO     |   Cross-validation: 5-fold Stratified K-Fold
2026-06-15 18:29:19 | INFO     |   Scoring metric: F1-score
2026-06-15 18:29:19 | INFO     |   Random seed: 42
2026-06-15 18:29:19 | INFO     | 
2026-06-15 18:29:19 | INFO     |   Training: Logistic Regression
2026-06-15 18:29:23 | INFO     |     CV F1: 0.9173 ± 0.0050 (3.4s)
2026-06-15 18:29:23 | INFO     |     Best params: {'C': 0.1, 'max_iter': 1000, 'solver': 'liblinear'}
2026-06-15 18:29:23 | INFO     |   Training: Decision Tree
2026-06-15 18:29:23 | INFO     |     CV F1: 0.9167 ± 0.0043 (0.7s)
2026-06-15 18:29:23 | INFO     |     Best params: {'max_depth': 3, 'min_samples_leaf': 1, 'min_samples_split': 2}
2026-06-15 18:29:23 | INFO     |   Training: Random Forest
2026-06-15 18:29:35 | INFO     |     CV F1: 0.9145 ± 0.0055 (11.9s)
2026-06-15 18:29:35 | INFO     |     Best params: {'max_depth': 10, 'min_samples_leaf': 2, 'min_samples_split': 2, 'n_estimators': 200}
2026-06-15 18:29:35 | INFO     |   Training: XGBoost
2026-06-15 18:29:41 | INFO     |     CV F1: 0.9158 ± 0.0044 (5.5s)
2026-06-15 18:29:41 | INFO     |     Best params: {'learning_rate': 0.01, 'max_depth': 3, 'n_estimators': 200, 'subsample': 1.0}
2026-06-15 18:29:41 | INFO     | 
2026-06-15 18:29:41 | INFO     |   Model Rankings (by CV F1-score):
2026-06-15 18:29:41 | INFO     |     1. Logistic Regression: 0.9173 ± 0.0050
2026-06-15 18:29:41 | INFO     |     2. Decision Tree: 0.9167 ± 0.0043
2026-06-15 18:29:41 | INFO     |     3. XGBoost: 0.9158 ± 0.0044
2026-06-15 18:29:41 | INFO     |     4. Random Forest: 0.9145 ± 0.0055
2026-06-15 18:29:41 | INFO     | 
  ★ Best model: Logistic Regression (F1=0.9173)
2026-06-15 18:29:42 | INFO     | ==================================================
2026-06-15 18:29:42 | INFO     | MODEL EVALUATION (Test Set)
2026-06-15 18:29:42 | INFO     | ==================================================
2026-06-15 18:29:42 | INFO     |   Logistic Regression:
2026-06-15 18:29:42 | INFO     |     Accuracy=0.8444  Precision=0.8830  Recall=0.9325  F1=0.9071  AUC=0.7439
2026-06-15 18:29:42 | INFO     |   Decision Tree:
2026-06-15 18:29:42 | INFO     |     Accuracy=0.8462  Precision=0.8855  Recall=0.9317  F1=0.9080  AUC=0.7411
2026-06-15 18:29:42 | INFO     |   XGBoost:
2026-06-15 18:29:42 | INFO     |     Accuracy=0.8450  Precision=0.8831  Recall=0.9332  F1=0.9075  AUC=0.7495
2026-06-15 18:29:42 | INFO     |   Random Forest:
2026-06-15 18:29:42 | INFO     |     Accuracy=0.8438  Precision=0.8780  Recall=0.9386  F1=0.9073  AUC=0.7312
2026-06-15 18:29:42 | INFO     | 
  Saved comparison table → C:\Users\Smit\Desktop\Loan Prediction\outputs\model_comparison.csv
2026-06-15 18:29:42 | INFO     | Generating evaluation plots...
2026-06-15 18:29:43 | INFO     |   Saved confusion matrices → C:\Users\Smit\Desktop\Loan Prediction\outputs\confusion_matrix.png
2026-06-15 18:29:43 | INFO     |   Saved ROC curves → C:\Users\Smit\Desktop\Loan Prediction\outputs\roc_curves.png
2026-06-15 18:29:43 | INFO     | 
2026-06-15 18:29:43 | INFO     | MODEL COMPARISON TABLE:
2026-06-15 18:29:43 | INFO     | --------------------------------------------------------------------------------
2026-06-15 18:29:43 | INFO     | --------------------------------------------------------------------------------
2026-06-15 18:29:50 | INFO     | ==================================================
2026-06-15 18:29:50 | INFO     | EXPLAINABILITY ANALYSIS
2026-06-15 18:29:50 | INFO     | ==================================================
2026-06-15 18:29:50 | WARNING  |   Model does not have feature_importances_. Skipping.
2026-06-15 18:29:50 | INFO     |   Computing SHAP values (this may take a moment)...
2026-06-15 18:29:50 | WARNING  |   SHAP analysis failed: Model type not yet supported by TreeExplainer: <class 'sklearn.linear_model._logistic.LogisticRegression'>
2026-06-15 18:29:50 | WARNING  |   This is non-critical — other outputs are still generated.
2026-06-15 18:29:50 | INFO     | ==================================================
2026-06-15 18:29:50 | INFO     | SAVING BEST MODEL
2026-06-15 18:29:50 | INFO     | ==================================================
2026-06-15 18:29:50 | INFO     |   ★ Saved best model (Logistic Regression) → C:\Users\Smit\Desktop\Loan Prediction\models\best_model.joblib
2026-06-15 18:29:50 | INFO     | 
2026-06-15 18:29:50 | INFO     | ╔══════════════════════════════════════════════════╗
2026-06-15 18:29:50 | INFO     | ║  PIPELINE COMPLETE                               ║
2026-06-15 18:29:50 | INFO     | ╚══════════════════════════════════════════════════╝
2026-06-15 18:29:50 | INFO     |   Total time: 32.4s
2026-06-15 18:29:50 | INFO     |   Best model: Logistic Regression
2026-06-15 18:29:50 | INFO     |   Best F1-Score: 0.9173
2026-06-15 18:29:50 | INFO     |   Outputs saved to: C:\Users\Smit\Desktop\Loan Prediction\outputs
2026-06-15 18:29:50 | INFO     |   Model saved to: C:\Users\Smit\Desktop\Loan Prediction\models\best_model.joblib
2026-06-15 18:29:50 | INFO     | 
2026-06-15 18:29:50 | INFO     |   Next steps:
2026-06-15 18:29:50 | INFO     |     → Run the dashboard:  streamlit run app/streamlit_app.py
2026-06-15 18:29:50 | INFO     |     → View results:       outputs/model_comparison.csv
